\BOOKMARK [1][-]{section.1}{1 lol}{}% 1
\BOOKMARK [1][-]{section.2}{2 Erstes Kapitel}{}% 2
\BOOKMARK [1][-]{section.3}{3 Ungelöste Fragen}{}% 3
\BOOKMARK [2][-]{subsection.3.1}{3.1 WS11/12 Februar}{section.3}% 4
\BOOKMARK [3][-]{subsubsection.3.1.1}{3.1.1 Aufgabe 1}{subsection.3.1}% 5
\BOOKMARK [2][-]{subsection.3.2}{3.2 WS11/12 April alle}{section.3}% 6
\BOOKMARK [2][-]{subsection.3.3}{3.3 One Thousand Exercises in Probability}{section.3}% 7
\BOOKMARK [1][-]{section.4}{4 Sigma-Fields}{}% 8
\BOOKMARK [2][-]{subsection.4.1}{4.1 Definition}{section.4}% 9
\BOOKMARK [2][-]{subsection.4.2}{4.2 Intersections of Sigma-Algebras}{section.4}% 10
\BOOKMARK [2][-]{subsection.4.3}{4.3 Minimal Sigma-Algebras}{section.4}% 11
\BOOKMARK [2][-]{subsection.4.4}{4.4 Inverse Maps}{section.4}% 12
\BOOKMARK [1][-]{section.5}{5 Measures}{}% 13
\BOOKMARK [2][-]{subsection.5.1}{5.1 Probability Measures}{section.5}% 14
\BOOKMARK [3][-]{subsubsection.5.1.1}{5.1.1 Definition}{subsection.5.1}% 15
\BOOKMARK [2][-]{subsection.5.2}{5.2 Measurability}{section.5}% 16
\BOOKMARK [2][-]{subsection.5.3}{5.3 Image Measure}{section.5}% 17
\BOOKMARK [1][-]{section.6}{6 Integration and Expectation}{}% 18
\BOOKMARK [2][-]{subsection.6.1}{6.1 Expectation}{section.6}% 19
\BOOKMARK [2][-]{subsection.6.2}{6.2 Probability}{section.6}% 20
\BOOKMARK [2][-]{subsection.6.3}{6.3 Distribution Function}{section.6}% 21
\BOOKMARK [2][-]{subsection.6.4}{6.4 Monotone Convergence}{section.6}% 22
\BOOKMARK [2][-]{subsection.6.5}{6.5 Dominated Convergence Theorem}{section.6}% 23
\BOOKMARK [2][-]{subsection.6.6}{6.6 Integrable Random Variables}{section.6}% 24
\BOOKMARK [2][-]{subsection.6.7}{6.7 Properties of Expectation}{section.6}% 25
\BOOKMARK [2][-]{subsection.6.8}{6.8 Fatou´s Lemma}{section.6}% 26
\BOOKMARK [2][-]{subsection.6.9}{6.9 Fubini Theorem}{section.6}% 27
\BOOKMARK [2][-]{subsection.6.10}{6.10 Tonelli}{section.6}% 28
\BOOKMARK [2][-]{subsection.6.11}{6.11 Radon-Nikodym}{section.6}% 29
\BOOKMARK [2][-]{subsection.6.12}{6.12 Transformationssatz für Dichten}{section.6}% 30
\BOOKMARK [2][-]{subsection.6.13}{6.13 Convolutions}{section.6}% 31
\BOOKMARK [1][-]{section.7}{7 Conditional Expectation}{}% 32
\BOOKMARK [2][-]{subsection.7.1}{7.1 Properties of Conditional Expectation}{section.7}% 33
\BOOKMARK [2][-]{subsection.7.2}{7.2 Glättungseigenschaften}{section.7}% 34
\BOOKMARK [2][-]{subsection.7.3}{7.3 Bedingte Dichten}{section.7}% 35
\BOOKMARK [2][-]{subsection.7.4}{7.4 Bedingte Wahrscheinlichkeiten}{section.7}% 36
\BOOKMARK [2][-]{subsection.7.5}{7.5 Examples}{section.7}% 37
\BOOKMARK [1][-]{section.8}{8 Martingales}{}% 38
\BOOKMARK [2][-]{subsection.8.1}{8.1 Properties}{section.8}% 39
\BOOKMARK [2][-]{subsection.8.2}{8.2 Stopping Times}{section.8}% 40
\BOOKMARK [2][-]{subsection.8.3}{8.3 Martingaldifferenzfolgen}{section.8}% 41
\BOOKMARK [2][-]{subsection.8.4}{8.4 Examples}{section.8}% 42
\BOOKMARK [1][-]{section.9}{9 Convergence}{}% 43
\BOOKMARK [2][-]{subsection.9.1}{9.1 Almost Sure Convergence}{section.9}% 44
\BOOKMARK [3][-]{subsubsection.9.1.1}{9.1.1 Kolmogorov Convergence Criterion}{subsection.9.1}% 45
\BOOKMARK [2][-]{subsection.9.2}{9.2 Convergence in Probability}{section.9}% 46
\BOOKMARK [2][-]{subsection.9.3}{9.3 Lp Convergence}{section.9}% 47
\BOOKMARK [2][-]{subsection.9.4}{9.4 Convergence in Distribution \(Weak Convergence\)}{section.9}% 48
\BOOKMARK [3][-]{subsubsection.9.4.1}{9.4.1 Extreme Value Distributions}{subsection.9.4}% 49
\BOOKMARK [2][-]{subsection.9.5}{9.5 Implications}{section.9}% 50
\BOOKMARK [3][-]{subsubsection.9.5.1}{9.5.1 Converse Implications}{subsection.9.5}% 51
\BOOKMARK [3][-]{subsubsection.9.5.2}{9.5.2 Slutsky´s Theorem}{subsection.9.5}% 52
\BOOKMARK [1][-]{section.10}{10 Appendix}{}% 53
\BOOKMARK [2][-]{subsection.10.1}{10.1 Stammfunktionen}{section.10}% 54
\BOOKMARK [3][-]{subsubsection.10.1.1}{10.1.1 Beispiele}{subsection.10.1}% 55
\BOOKMARK [2][-]{subsection.10.2}{10.2 Partielle Integration}{section.10}% 56
\BOOKMARK [2][-]{subsection.10.3}{10.3 Sets and Events}{section.10}% 57
\BOOKMARK [3][-]{subsubsection.10.3.1}{10.3.1 De Morgan}{subsection.10.3}% 58
\BOOKMARK [3][-]{subsubsection.10.3.2}{10.3.2 Limits of Sets}{subsection.10.3}% 59
\BOOKMARK [3][-]{subsubsection.10.3.3}{10.3.3 Borel-Cantelli Lemma}{subsection.10.3}% 60
\BOOKMARK [3][-]{subsubsection.10.3.4}{10.3.4 Borel Zero-One Law}{subsection.10.3}% 61
\BOOKMARK [2][-]{subsection.10.4}{10.4 Inequalities}{section.10}% 62
\BOOKMARK [3][-]{subsubsection.10.4.1}{10.4.1 Markov}{subsection.10.4}% 63
\BOOKMARK [3][-]{subsubsection.10.4.2}{10.4.2 Chebychev}{subsection.10.4}% 64
\BOOKMARK [3][-]{subsubsection.10.4.3}{10.4.3 Kolmogorov}{subsection.10.4}% 65
\BOOKMARK [3][-]{subsubsection.10.4.4}{10.4.4 Schwartz}{subsection.10.4}% 66
\BOOKMARK [3][-]{subsubsection.10.4.5}{10.4.5 Hölder}{subsection.10.4}% 67
\BOOKMARK [3][-]{subsubsection.10.4.6}{10.4.6 Minkowski}{subsection.10.4}% 68
\BOOKMARK [3][-]{subsubsection.10.4.7}{10.4.7 Jensen}{subsection.10.4}% 69
\BOOKMARK [2][-]{subsection.10.5}{10.5 Stochastics}{section.10}% 70
\BOOKMARK [3][-]{subsubsection.10.5.1}{10.5.1 Law of Large Numbers}{subsection.10.5}% 71
\BOOKMARK [3][-]{subsubsection.10.5.2}{10.5.2 Central Limit Theorem}{subsection.10.5}% 72
\BOOKMARK [2][-]{subsection.10.6}{10.6 Extema and Order Statistics}{section.10}% 73
\BOOKMARK [3][-]{subsubsection.10.6.1}{10.6.1 Minima}{subsection.10.6}% 74
\BOOKMARK [3][-]{subsubsection.10.6.2}{10.6.2 Maxima}{subsection.10.6}% 75
