\BOOKMARK [1][-]{section.1}{1 Erstes Kapitel}{}% 1
\BOOKMARK [1][-]{section.2}{2 Ungelöste Fragen}{}% 2
\BOOKMARK [2][-]{subsection.2.1}{2.1 WS11/12 Februar}{section.2}% 3
\BOOKMARK [3][-]{subsubsection.2.1.1}{2.1.1 Aufgabe 1}{subsection.2.1}% 4
\BOOKMARK [2][-]{subsection.2.2}{2.2 WS11/12 April alle}{section.2}% 5
\BOOKMARK [2][-]{subsection.2.3}{2.3 One Thousand Exercises in Probability}{section.2}% 6
\BOOKMARK [1][-]{section.3}{3 Sigma-Fields}{}% 7
\BOOKMARK [2][-]{subsection.3.1}{3.1 Definition}{section.3}% 8
\BOOKMARK [2][-]{subsection.3.2}{3.2 Intersections of Sigma-Algebras}{section.3}% 9
\BOOKMARK [2][-]{subsection.3.3}{3.3 Minimal Sigma-Algebras}{section.3}% 10
\BOOKMARK [2][-]{subsection.3.4}{3.4 Inverse Maps}{section.3}% 11
\BOOKMARK [1][-]{section.4}{4 Measures}{}% 12
\BOOKMARK [2][-]{subsection.4.1}{4.1 Probability Measures}{section.4}% 13
\BOOKMARK [3][-]{subsubsection.4.1.1}{4.1.1 Definition}{subsection.4.1}% 14
\BOOKMARK [2][-]{subsection.4.2}{4.2 Measurability}{section.4}% 15
\BOOKMARK [2][-]{subsection.4.3}{4.3 Image Measure}{section.4}% 16
\BOOKMARK [1][-]{section.5}{5 Integration and Expectation}{}% 17
\BOOKMARK [2][-]{subsection.5.1}{5.1 Expectation}{section.5}% 18
\BOOKMARK [2][-]{subsection.5.2}{5.2 Probability}{section.5}% 19
\BOOKMARK [2][-]{subsection.5.3}{5.3 Distribution Function}{section.5}% 20
\BOOKMARK [2][-]{subsection.5.4}{5.4 Monotone Convergence}{section.5}% 21
\BOOKMARK [2][-]{subsection.5.5}{5.5 Dominated Convergence Theorem}{section.5}% 22
\BOOKMARK [2][-]{subsection.5.6}{5.6 Integrable Random Variables}{section.5}% 23
\BOOKMARK [2][-]{subsection.5.7}{5.7 Properties of Expectation}{section.5}% 24
\BOOKMARK [2][-]{subsection.5.8}{5.8 Fatou´s Lemma}{section.5}% 25
\BOOKMARK [2][-]{subsection.5.9}{5.9 Fubini Theorem}{section.5}% 26
\BOOKMARK [2][-]{subsection.5.10}{5.10 Tonelli}{section.5}% 27
\BOOKMARK [2][-]{subsection.5.11}{5.11 Radon-Nikodym}{section.5}% 28
\BOOKMARK [2][-]{subsection.5.12}{5.12 Transformationssatz für Dichten}{section.5}% 29
\BOOKMARK [2][-]{subsection.5.13}{5.13 Convolutions}{section.5}% 30
\BOOKMARK [1][-]{section.6}{6 Conditional Expectation}{}% 31
\BOOKMARK [2][-]{subsection.6.1}{6.1 Properties of Conditional Expectation}{section.6}% 32
\BOOKMARK [2][-]{subsection.6.2}{6.2 Glättungseigenschaften}{section.6}% 33
\BOOKMARK [2][-]{subsection.6.3}{6.3 Bedingte Dichten}{section.6}% 34
\BOOKMARK [2][-]{subsection.6.4}{6.4 Bedingte Wahrscheinlichkeiten}{section.6}% 35
\BOOKMARK [2][-]{subsection.6.5}{6.5 Examples}{section.6}% 36
\BOOKMARK [1][-]{section.7}{7 Martingales}{}% 37
\BOOKMARK [2][-]{subsection.7.1}{7.1 Properties}{section.7}% 38
\BOOKMARK [2][-]{subsection.7.2}{7.2 Stopping Times}{section.7}% 39
\BOOKMARK [2][-]{subsection.7.3}{7.3 Martingaldifferenzfolgen}{section.7}% 40
\BOOKMARK [2][-]{subsection.7.4}{7.4 Examples}{section.7}% 41
\BOOKMARK [1][-]{section.8}{8 Convergence}{}% 42
\BOOKMARK [2][-]{subsection.8.1}{8.1 Almost Sure Convergence}{section.8}% 43
\BOOKMARK [3][-]{subsubsection.8.1.1}{8.1.1 Kolmogorov Convergence Criterion}{subsection.8.1}% 44
\BOOKMARK [2][-]{subsection.8.2}{8.2 Convergence in Probability}{section.8}% 45
\BOOKMARK [2][-]{subsection.8.3}{8.3 Lp Convergence}{section.8}% 46
\BOOKMARK [2][-]{subsection.8.4}{8.4 Convergence in Distribution \(Weak Convergence\)}{section.8}% 47
\BOOKMARK [3][-]{subsubsection.8.4.1}{8.4.1 Extreme Value Distributions}{subsection.8.4}% 48
\BOOKMARK [2][-]{subsection.8.5}{8.5 Implications}{section.8}% 49
\BOOKMARK [3][-]{subsubsection.8.5.1}{8.5.1 Converse Implications}{subsection.8.5}% 50
\BOOKMARK [3][-]{subsubsection.8.5.2}{8.5.2 Slutsky´s Theorem}{subsection.8.5}% 51
\BOOKMARK [1][-]{section.9}{9 Appendix}{}% 52
\BOOKMARK [2][-]{subsection.9.1}{9.1 Stammfunktionen}{section.9}% 53
\BOOKMARK [3][-]{subsubsection.9.1.1}{9.1.1 Beispiele}{subsection.9.1}% 54
\BOOKMARK [2][-]{subsection.9.2}{9.2 Partielle Integration}{section.9}% 55
\BOOKMARK [2][-]{subsection.9.3}{9.3 Sets and Events}{section.9}% 56
\BOOKMARK [3][-]{subsubsection.9.3.1}{9.3.1 De Morgan}{subsection.9.3}% 57
\BOOKMARK [3][-]{subsubsection.9.3.2}{9.3.2 Limits of Sets}{subsection.9.3}% 58
\BOOKMARK [3][-]{subsubsection.9.3.3}{9.3.3 Borel-Cantelli Lemma}{subsection.9.3}% 59
\BOOKMARK [3][-]{subsubsection.9.3.4}{9.3.4 Borel Zero-One Law}{subsection.9.3}% 60
\BOOKMARK [2][-]{subsection.9.4}{9.4 Inequalities}{section.9}% 61
\BOOKMARK [3][-]{subsubsection.9.4.1}{9.4.1 Markov}{subsection.9.4}% 62
\BOOKMARK [3][-]{subsubsection.9.4.2}{9.4.2 Chebychev}{subsection.9.4}% 63
\BOOKMARK [3][-]{subsubsection.9.4.3}{9.4.3 Kolmogorov}{subsection.9.4}% 64
\BOOKMARK [3][-]{subsubsection.9.4.4}{9.4.4 Schwartz}{subsection.9.4}% 65
\BOOKMARK [3][-]{subsubsection.9.4.5}{9.4.5 Hölder}{subsection.9.4}% 66
\BOOKMARK [3][-]{subsubsection.9.4.6}{9.4.6 Minkowski}{subsection.9.4}% 67
\BOOKMARK [3][-]{subsubsection.9.4.7}{9.4.7 Jensen}{subsection.9.4}% 68
\BOOKMARK [2][-]{subsection.9.5}{9.5 Stochastics}{section.9}% 69
\BOOKMARK [3][-]{subsubsection.9.5.1}{9.5.1 Law of Large Numbers}{subsection.9.5}% 70
\BOOKMARK [3][-]{subsubsection.9.5.2}{9.5.2 Central Limit Theorem}{subsection.9.5}% 71
\BOOKMARK [2][-]{subsection.9.6}{9.6 Extema and Order Statistics}{section.9}% 72
\BOOKMARK [3][-]{subsubsection.9.6.1}{9.6.1 Minima}{subsection.9.6}% 73
\BOOKMARK [3][-]{subsubsection.9.6.2}{9.6.2 Maxima}{subsection.9.6}% 74
